<?xml version="1.0" encoding="UTF-8"?>
<!-- Generated by org.testng.reporters.JUnitXMLReporter -->
<testsuite ignored="2" hostname="ARSU_2831" failures="0" tests="1" name="Default test" time="13.389" errors="0" timestamp="2025-01-17T07:17:28 IST">
  <testcase classname="TestScript.TestScript001" name="tc001" time="13.355"/>
  <testcase classname="TestScript.TestScript001" name="tc002" time="0.0">
    <ignored/>
  </testcase> <!-- tc002 -->
  <testcase classname="TestScript.TestScript001" name="tc003" time="0.0">
    <ignored/>
  </testcase> <!-- tc003 -->
</testsuite> <!-- Default test -->
