<?xml version="1.0" encoding="UTF-8"?>
<!-- Generated by org.testng.reporters.JUnitXMLReporter -->
<testsuite ignored="1" hostname="ARSU_2831" failures="0" tests="2" name="Test(failed)(failed)" time="0.303" errors="0" timestamp="2025-01-21T07:09:01 IST">
  <testcase classname="TestScript.TestScript001" name="tc002" time="0.018"/>
  <testcase classname="TestScript.TestScript001" name="tc003" time="0.006"/>
  <testcase classname="TestScript.TestScript001" name="tc001" time="0.0">
    <ignored/>
  </testcase> <!-- tc001 -->
</testsuite> <!-- Test(failed)(failed) -->
