<?xml version="1.0" encoding="UTF-8"?>
<!-- Generated by org.testng.reporters.JUnitXMLReporter -->
<testsuite ignored="1" hostname="ARSU_2831" failures="2" tests="2" name="Test(failed)" time="0.333" errors="0" timestamp="2025-01-21T07:08:37 IST">
  <testcase classname="TestScript.TestScript001" name="tc002" time="0.018">
    <failure type="java.lang.AssertionError" message="expected [true] but found [false]">
      <![CDATA[java.lang.AssertionError: expected [true] but found [false]
at TestScript.TestScript001.tc002(TestScript001.java:43)
at java.base/java.util.ArrayList.forEach(ArrayList.java:1596)
... Removed 32 stack frames]]>
    </failure>
  </testcase> <!-- tc002 -->
  <testcase classname="TestScript.TestScript001" name="tc003" time="0.009">
    <failure type="java.lang.AssertionError" message="The following asserts failed:
	expected [true] but found [false]">
      <![CDATA[java.lang.AssertionError: The following asserts failed:
expected [true] but found [false]
at TestScript.TestScript001.tc003(TestScript001.java:51)
at java.base/java.util.ArrayList.forEach(ArrayList.java:1596)
... Removed 27 stack frames]]>
    </failure>
  </testcase> <!-- tc003 -->
  <testcase classname="TestScript.TestScript001" name="tc001" time="0.0">
    <ignored/>
  </testcase> <!-- tc001 -->
</testsuite> <!-- Test(failed) -->
