<?xml version="1.0" encoding="UTF-8"?>
<testng-results ignored="0" total="3" passed="3" failed="0" skipped="0">
  <reporter-output>
  </reporter-output>
  <suite started-at="2025-01-21T07:09:14 IST" name="Suite" finished-at="2025-01-21T07:09:27 IST" duration-ms="12856">
    <groups>
    </groups>
    <test started-at="2025-01-21T07:09:14 IST" name="Test" finished-at="2025-01-21T07:09:27 IST" duration-ms="12856">
      <class name="TestScript.TestScript001">
        <test-method signature="tc001()[pri:0, instance:TestScript.TestScript001@3e27aa33]" started-at="2025-01-21T07:09:15 IST" name="tc001" finished-at="2025-01-21T07:09:27 IST" duration-ms="12164" status="PASS">
          <reporter-output>
          </reporter-output>
        </test-method> <!-- tc001 -->
        <test-method signature="tc002()[pri:0, instance:TestScript.TestScript001@3e27aa33]" started-at="2025-01-21T07:09:27 IST" name="tc002" finished-at="2025-01-21T07:09:27 IST" duration-ms="14" status="PASS">
          <reporter-output>
          </reporter-output>
        </test-method> <!-- tc002 -->
        <test-method signature="tc003()[pri:0, instance:TestScript.TestScript001@3e27aa33]" started-at="2025-01-21T07:09:27 IST" name="tc003" finished-at="2025-01-21T07:09:27 IST" duration-ms="56" status="PASS">
          <reporter-output>
          </reporter-output>
        </test-method> <!-- tc003 -->
      </class> <!-- TestScript.TestScript001 -->
    </test> <!-- Test -->
  </suite> <!-- Suite -->
</testng-results>
